<?xml version="1.0" encoding="UTF-8"?>
<!-- Generated by org.testng.reporters.JUnitReportReporter -->
<testsuite hostname="DESKTOP-A7A8192" failures="0" tests="1" name="scripts.Test0" time="0.002" errors="0" timestamp="2022-09-13T23:45:59 IST" skipped="0">
  <testcase classname="scripts.Test0" name="tc1" time="0.002"/>
  <system-out>
    <![CDATA[hello java]]>
  </system-out>
</testsuite> <!-- scripts.Test0 -->
