<?xml version="1.0" encoding="UTF-8"?>
<!-- Generated by org.testng.reporters.JUnitReportReporter -->
<testsuite hostname="DESKTOP-A7A8192" failures="0" tests="1" name="scripts.Test3" time="0.018" errors="0" timestamp="2022-09-13T23:45:59 IST" skipped="0">
  <testcase classname="scripts.Test3" name="tc2" time="0.018"/>
  <system-out>
    <![CDATA[Hello python selenium]]>
  </system-out>
</testsuite> <!-- scripts.Test3 -->
